2017-04-21 15:01:33.760 [main] INFO   - Connecting fire brigades ... 
2017-04-21 15:01:34.851 [Thread-1] INFO  rcrs.nosolver.ScalaAgent$Agent - rcrs.nosolver.ScalaAgent$Agent@3bdaea85 connected
2017-04-21 15:01:34.876 [Thread-1] WARN  com.infomatiq.jsi.rtree.RTree - Invalid MaxNodeEntries = 0 Resetting to default value of 10
2017-04-21 15:01:34.876 [Thread-1] WARN  com.infomatiq.jsi.rtree.RTree - MinNodeEntries must be between 1 and MaxNodeEntries / 2
2017-04-21 15:01:34.877 [Thread-1] INFO  com.infomatiq.jsi.rtree.RTree - init()  MaxNodeEntries = 10, MinNodeEntries = 5
2017-04-21 15:01:34.931 [Thread-1] INFO  rcrs.nosolver.ScalaAgent$Agent - Fire brigade agent connected: max extinguish distance = 50000, max power = 3000, max tank = 15000
2017-04-21 15:02:25.116 [Thread-5] INFO  rcrs.nosolver.ScalaAgent$Agent - rcrs.nosolver.ScalaAgent$Agent@439e512 connected
2017-04-21 15:02:25.117 [Thread-5] WARN  com.infomatiq.jsi.rtree.RTree - Invalid MaxNodeEntries = 0 Resetting to default value of 10
2017-04-21 15:02:25.117 [Thread-5] WARN  com.infomatiq.jsi.rtree.RTree - MinNodeEntries must be between 1 and MaxNodeEntries / 2
2017-04-21 15:02:25.117 [Thread-5] INFO  com.infomatiq.jsi.rtree.RTree - init()  MaxNodeEntries = 10, MinNodeEntries = 5
2017-04-21 15:02:25.130 [Thread-5] INFO  rcrs.nosolver.ScalaAgent$Agent - Fire brigade agent connected: max extinguish distance = 50000, max power = 3000, max tank = 15000
2017-04-21 15:02:25.974 [Thread-9] INFO  rcrs.nosolver.ScalaAgent$Agent - rcrs.nosolver.ScalaAgent$Agent@4a47b291 connected
2017-04-21 15:02:25.975 [Thread-9] WARN  com.infomatiq.jsi.rtree.RTree - Invalid MaxNodeEntries = 0 Resetting to default value of 10
2017-04-21 15:02:25.975 [Thread-9] WARN  com.infomatiq.jsi.rtree.RTree - MinNodeEntries must be between 1 and MaxNodeEntries / 2
2017-04-21 15:02:25.975 [Thread-9] INFO  com.infomatiq.jsi.rtree.RTree - init()  MaxNodeEntries = 10, MinNodeEntries = 5
2017-04-21 15:02:25.988 [Thread-9] INFO  rcrs.nosolver.ScalaAgent$Agent - Fire brigade agent connected: max extinguish distance = 50000, max power = 3000, max tank = 15000
2017-04-21 15:02:26.899 [Thread-13] INFO  rcrs.nosolver.ScalaAgent$Agent - rcrs.nosolver.ScalaAgent$Agent@571a939c connected
2017-04-21 15:02:26.900 [Thread-13] WARN  com.infomatiq.jsi.rtree.RTree - Invalid MaxNodeEntries = 0 Resetting to default value of 10
2017-04-21 15:02:26.900 [Thread-13] WARN  com.infomatiq.jsi.rtree.RTree - MinNodeEntries must be between 1 and MaxNodeEntries / 2
2017-04-21 15:02:26.900 [Thread-13] INFO  com.infomatiq.jsi.rtree.RTree - init()  MaxNodeEntries = 10, MinNodeEntries = 5
2017-04-21 15:02:26.906 [Thread-13] INFO  rcrs.nosolver.ScalaAgent$Agent - Fire brigade agent connected: max extinguish distance = 50000, max power = 3000, max tank = 15000
2017-04-21 15:02:28.106 [Thread-17] INFO  rcrs.nosolver.ScalaAgent$Agent - rcrs.nosolver.ScalaAgent$Agent@651578bf connected
2017-04-21 15:02:28.107 [Thread-17] WARN  com.infomatiq.jsi.rtree.RTree - Invalid MaxNodeEntries = 0 Resetting to default value of 10
2017-04-21 15:02:28.107 [Thread-17] WARN  com.infomatiq.jsi.rtree.RTree - MinNodeEntries must be between 1 and MaxNodeEntries / 2
2017-04-21 15:02:28.107 [Thread-17] INFO  com.infomatiq.jsi.rtree.RTree - init()  MaxNodeEntries = 10, MinNodeEntries = 5
2017-04-21 15:02:28.114 [Thread-17] INFO  rcrs.nosolver.ScalaAgent$Agent - Fire brigade agent connected: max extinguish distance = 50000, max power = 3000, max tank = 15000
2017-04-21 15:02:28.547 [main] INFO   - Connecting central ... 
2017-04-21 15:02:28.615 [Thread-21] INFO  rcrs.nosolver.ScalaAgent$Agent - rcrs.nosolver.ScalaAgent$Agent@48669e42 connected
2017-04-21 15:02:28.615 [Thread-21] WARN  com.infomatiq.jsi.rtree.RTree - Invalid MaxNodeEntries = 0 Resetting to default value of 10
2017-04-21 15:02:28.616 [Thread-21] WARN  com.infomatiq.jsi.rtree.RTree - MinNodeEntries must be between 1 and MaxNodeEntries / 2
2017-04-21 15:02:28.616 [Thread-21] INFO  com.infomatiq.jsi.rtree.RTree - init()  MaxNodeEntries = 10, MinNodeEntries = 5
2017-04-21 15:02:28.621 [Thread-21] INFO  rcrs.nosolver.ScalaAgent$Agent - Central agent connected
2017-04-21 15:02:29.049 [main] INFO   - success
2017-04-21 15:02:29.114 [Thread-24] INFO  rcrs.nosolver.ScalaAgent$Agent - CentralAgent: Think called at time 1 - START
2017-04-21 15:03:29.767 [Thread-24] INFO  rcrs.nosolver.ScalaAgent$Agent - CentralAgent: Think called at time 2 - START
2017-04-21 15:04:29.979 [Thread-24] INFO  rcrs.nosolver.ScalaAgent$Agent - CentralAgent: Think called at time 3 - START
2017-04-21 15:04:29.979 [Thread-24] INFO  rcrs.nosolver.ScalaAgent$Agent - Subscribing to channels
2017-04-21 15:04:30.089 [Thread-24] INFO  rcrs.nosolver.ScalaAgent$Agent - Center buildingsOnFire: 8
2017-04-21 15:04:58.641 [Thread-24] INFO  rcrs.nosolver.ScalaAgent$Agent - CentralAgent: Think called at time 3 - END, think took 28662
2017-04-21 15:05:30.283 [Thread-24] INFO  rcrs.nosolver.ScalaAgent$Agent - CentralAgent: Think called at time 4 - START
2017-04-21 15:05:30.285 [Thread-24] INFO  rcrs.nosolver.ScalaAgent$Agent - Center buildingsOnFire: 8
2017-04-21 15:05:57.095 [Thread-24] INFO  rcrs.nosolver.ScalaAgent$Agent - CentralAgent: Think called at time 4 - END, think took 26811
2017-04-21 15:06:30.592 [Thread-24] INFO  rcrs.nosolver.ScalaAgent$Agent - CentralAgent: Think called at time 5 - START
2017-04-21 15:06:30.594 [Thread-24] INFO  rcrs.nosolver.ScalaAgent$Agent - Center buildingsOnFire: 8
2017-04-21 15:06:58.267 [Thread-24] INFO  rcrs.nosolver.ScalaAgent$Agent - CentralAgent: Think called at time 5 - END, think took 27675
2017-04-21 15:07:30.870 [Thread-24] INFO  rcrs.nosolver.ScalaAgent$Agent - CentralAgent: Think called at time 6 - START
2017-04-21 15:07:30.872 [Thread-24] INFO  rcrs.nosolver.ScalaAgent$Agent - Center buildingsOnFire: 8
2017-04-21 15:07:58.424 [Thread-24] INFO  rcrs.nosolver.ScalaAgent$Agent - CentralAgent: Think called at time 6 - END, think took 27554
2017-04-21 15:08:31.106 [Thread-24] INFO  rcrs.nosolver.ScalaAgent$Agent - CentralAgent: Think called at time 7 - START
2017-04-21 15:08:31.107 [Thread-24] INFO  rcrs.nosolver.ScalaAgent$Agent - Center buildingsOnFire: 8
2017-04-21 15:08:59.508 [Thread-24] INFO  rcrs.nosolver.ScalaAgent$Agent - CentralAgent: Think called at time 7 - END, think took 28402
2017-04-21 15:09:31.315 [Thread-24] INFO  rcrs.nosolver.ScalaAgent$Agent - CentralAgent: Think called at time 8 - START
2017-04-21 15:09:31.317 [Thread-24] INFO  rcrs.nosolver.ScalaAgent$Agent - Center buildingsOnFire: 8
2017-04-21 15:09:59.281 [Thread-24] INFO  rcrs.nosolver.ScalaAgent$Agent - CentralAgent: Think called at time 8 - END, think took 27966
2017-04-21 15:10:31.550 [Thread-24] INFO  rcrs.nosolver.ScalaAgent$Agent - CentralAgent: Think called at time 9 - START
2017-04-21 15:10:31.552 [Thread-24] INFO  rcrs.nosolver.ScalaAgent$Agent - Center buildingsOnFire: 8
2017-04-21 15:10:59.228 [Thread-24] INFO  rcrs.nosolver.ScalaAgent$Agent - CentralAgent: Think called at time 9 - END, think took 27677
2017-04-21 15:11:31.741 [Thread-24] INFO  rcrs.nosolver.ScalaAgent$Agent - CentralAgent: Think called at time 10 - START
2017-04-21 15:11:31.743 [Thread-24] INFO  rcrs.nosolver.ScalaAgent$Agent - Center buildingsOnFire: 8
2017-04-21 15:11:58.783 [Thread-24] INFO  rcrs.nosolver.ScalaAgent$Agent - CentralAgent: Think called at time 10 - END, think took 27041
2017-04-21 15:12:31.871 [Thread-24] INFO  rcrs.nosolver.ScalaAgent$Agent - CentralAgent: Think called at time 11 - START
2017-04-21 15:12:31.872 [Thread-24] INFO  rcrs.nosolver.ScalaAgent$Agent - Center buildingsOnFire: 8
2017-04-21 15:12:58.970 [Thread-24] INFO  rcrs.nosolver.ScalaAgent$Agent - CentralAgent: Think called at time 11 - END, think took 27099
2017-04-21 15:13:32.043 [Thread-24] INFO  rcrs.nosolver.ScalaAgent$Agent - CentralAgent: Think called at time 12 - START
2017-04-21 15:13:32.044 [Thread-24] INFO  rcrs.nosolver.ScalaAgent$Agent - Center buildingsOnFire: 8
2017-04-21 15:13:59.649 [Thread-24] INFO  rcrs.nosolver.ScalaAgent$Agent - CentralAgent: Think called at time 12 - END, think took 27606
