2017-04-21 11:13:58.786 [main] INFO   - Connecting fire brigades ... 
2017-04-21 11:13:59.715 [Thread-1] INFO  rcrs.nosolver.ScalaAgent$Agent - rcrs.nosolver.ScalaAgent$Agent@37a9123b connected
2017-04-21 11:13:59.728 [Thread-1] WARN  com.infomatiq.jsi.rtree.RTree - Invalid MaxNodeEntries = 0 Resetting to default value of 10
2017-04-21 11:13:59.728 [Thread-1] WARN  com.infomatiq.jsi.rtree.RTree - MinNodeEntries must be between 1 and MaxNodeEntries / 2
2017-04-21 11:13:59.730 [Thread-1] INFO  com.infomatiq.jsi.rtree.RTree - init()  MaxNodeEntries = 10, MinNodeEntries = 5
2017-04-21 11:13:59.830 [Thread-1] INFO  rcrs.nosolver.ScalaAgent$Agent - Fire brigade agent connected: max extinguish distance = 50000, max power = 3000, max tank = 15000
2017-04-21 11:14:48.838 [Thread-5] INFO  rcrs.nosolver.ScalaAgent$Agent - rcrs.nosolver.ScalaAgent$Agent@78b25dab connected
2017-04-21 11:14:48.839 [Thread-5] WARN  com.infomatiq.jsi.rtree.RTree - Invalid MaxNodeEntries = 0 Resetting to default value of 10
2017-04-21 11:14:48.840 [Thread-5] WARN  com.infomatiq.jsi.rtree.RTree - MinNodeEntries must be between 1 and MaxNodeEntries / 2
2017-04-21 11:14:48.840 [Thread-5] INFO  com.infomatiq.jsi.rtree.RTree - init()  MaxNodeEntries = 10, MinNodeEntries = 5
2017-04-21 11:14:48.853 [Thread-5] INFO  rcrs.nosolver.ScalaAgent$Agent - Fire brigade agent connected: max extinguish distance = 50000, max power = 3000, max tank = 15000
2017-04-21 11:14:49.715 [Thread-9] INFO  rcrs.nosolver.ScalaAgent$Agent - rcrs.nosolver.ScalaAgent$Agent@1e7fa3c4 connected
2017-04-21 11:14:49.716 [Thread-9] WARN  com.infomatiq.jsi.rtree.RTree - Invalid MaxNodeEntries = 0 Resetting to default value of 10
2017-04-21 11:14:49.716 [Thread-9] WARN  com.infomatiq.jsi.rtree.RTree - MinNodeEntries must be between 1 and MaxNodeEntries / 2
2017-04-21 11:14:49.716 [Thread-9] INFO  com.infomatiq.jsi.rtree.RTree - init()  MaxNodeEntries = 10, MinNodeEntries = 5
2017-04-21 11:14:49.729 [Thread-9] INFO  rcrs.nosolver.ScalaAgent$Agent - Fire brigade agent connected: max extinguish distance = 50000, max power = 3000, max tank = 15000
2017-04-21 11:14:50.709 [Thread-13] INFO  rcrs.nosolver.ScalaAgent$Agent - rcrs.nosolver.ScalaAgent$Agent@279ad74f connected
2017-04-21 11:14:50.709 [Thread-13] WARN  com.infomatiq.jsi.rtree.RTree - Invalid MaxNodeEntries = 0 Resetting to default value of 10
2017-04-21 11:14:50.709 [Thread-13] WARN  com.infomatiq.jsi.rtree.RTree - MinNodeEntries must be between 1 and MaxNodeEntries / 2
2017-04-21 11:14:50.709 [Thread-13] INFO  com.infomatiq.jsi.rtree.RTree - init()  MaxNodeEntries = 10, MinNodeEntries = 5
2017-04-21 11:14:50.715 [Thread-13] INFO  rcrs.nosolver.ScalaAgent$Agent - Fire brigade agent connected: max extinguish distance = 50000, max power = 3000, max tank = 15000
2017-04-21 11:14:51.628 [Thread-17] INFO  rcrs.nosolver.ScalaAgent$Agent - rcrs.nosolver.ScalaAgent$Agent@396dedba connected
2017-04-21 11:14:51.629 [Thread-17] WARN  com.infomatiq.jsi.rtree.RTree - Invalid MaxNodeEntries = 0 Resetting to default value of 10
2017-04-21 11:14:51.629 [Thread-17] WARN  com.infomatiq.jsi.rtree.RTree - MinNodeEntries must be between 1 and MaxNodeEntries / 2
2017-04-21 11:14:51.629 [Thread-17] INFO  com.infomatiq.jsi.rtree.RTree - init()  MaxNodeEntries = 10, MinNodeEntries = 5
2017-04-21 11:14:51.639 [Thread-17] INFO  rcrs.nosolver.ScalaAgent$Agent - Fire brigade agent connected: max extinguish distance = 50000, max power = 3000, max tank = 15000
2017-04-21 11:14:52.066 [main] INFO   - Connecting central ... 
2017-04-21 11:14:52.120 [Thread-21] INFO  rcrs.nosolver.ScalaAgent$Agent - rcrs.nosolver.ScalaAgent$Agent@48669e42 connected
2017-04-21 11:14:52.121 [Thread-21] WARN  com.infomatiq.jsi.rtree.RTree - Invalid MaxNodeEntries = 0 Resetting to default value of 10
2017-04-21 11:14:52.121 [Thread-21] WARN  com.infomatiq.jsi.rtree.RTree - MinNodeEntries must be between 1 and MaxNodeEntries / 2
2017-04-21 11:14:52.121 [Thread-21] INFO  com.infomatiq.jsi.rtree.RTree - init()  MaxNodeEntries = 10, MinNodeEntries = 5
2017-04-21 11:14:52.126 [Thread-21] INFO  rcrs.nosolver.ScalaAgent$Agent - Central agent connected
2017-04-21 11:14:52.545 [main] INFO   - success
2017-04-21 11:14:52.632 [Thread-24] INFO  rcrs.nosolver.ScalaAgent$Agent - CentralAgent: Think called at time 1 - START
2017-04-21 11:14:58.301 [Thread-24] INFO  rcrs.nosolver.ScalaAgent$Agent - CentralAgent: Think called at time 2 - START
2017-04-21 11:15:03.537 [Thread-24] INFO  rcrs.nosolver.ScalaAgent$Agent - CentralAgent: Think called at time 3 - START
2017-04-21 11:15:03.537 [Thread-24] INFO  rcrs.nosolver.ScalaAgent$Agent - Subscribing to channels
2017-04-21 11:15:03.610 [Thread-24] INFO  rcrs.nosolver.ScalaAgent$Agent - Center buildingsOnFire: 1
2017-04-21 11:15:04.967 [Thread-24] INFO  rcrs.nosolver.ScalaAgent$Agent - CentralAgent: Think called at time 3 - END, think took 1429
2017-04-21 11:15:08.928 [Thread-24] INFO  rcrs.nosolver.ScalaAgent$Agent - CentralAgent: Think called at time 4 - START
2017-04-21 11:15:08.930 [Thread-24] INFO  rcrs.nosolver.ScalaAgent$Agent - Center buildingsOnFire: 1
2017-04-21 11:15:09.695 [Thread-24] INFO  rcrs.nosolver.ScalaAgent$Agent - CentralAgent: Think called at time 4 - END, think took 767
2017-04-21 11:15:14.219 [Thread-24] INFO  rcrs.nosolver.ScalaAgent$Agent - CentralAgent: Think called at time 5 - START
2017-04-21 11:15:14.228 [Thread-24] INFO  rcrs.nosolver.ScalaAgent$Agent - Center buildingsOnFire: 1
2017-04-21 11:15:15.439 [Thread-24] INFO  rcrs.nosolver.ScalaAgent$Agent - CentralAgent: Think called at time 5 - END, think took 1220
2017-04-21 11:15:19.499 [Thread-24] INFO  rcrs.nosolver.ScalaAgent$Agent - CentralAgent: Think called at time 6 - START
2017-04-21 11:15:19.501 [Thread-24] INFO  rcrs.nosolver.ScalaAgent$Agent - Center buildingsOnFire: 1
2017-04-21 11:15:20.663 [Thread-24] INFO  rcrs.nosolver.ScalaAgent$Agent - CentralAgent: Think called at time 6 - END, think took 1164
2017-04-21 11:15:24.701 [Thread-24] INFO  rcrs.nosolver.ScalaAgent$Agent - CentralAgent: Think called at time 7 - START
2017-04-21 11:15:24.703 [Thread-24] INFO  rcrs.nosolver.ScalaAgent$Agent - Center buildingsOnFire: 1
2017-04-21 11:15:25.616 [Thread-24] INFO  rcrs.nosolver.ScalaAgent$Agent - CentralAgent: Think called at time 7 - END, think took 915
2017-04-21 11:15:29.862 [Thread-24] INFO  rcrs.nosolver.ScalaAgent$Agent - CentralAgent: Think called at time 8 - START
2017-04-21 11:15:29.863 [Thread-24] INFO  rcrs.nosolver.ScalaAgent$Agent - Center buildingsOnFire: 1
2017-04-21 11:15:30.644 [Thread-24] INFO  rcrs.nosolver.ScalaAgent$Agent - CentralAgent: Think called at time 8 - END, think took 782
2017-04-21 11:15:35.027 [Thread-24] INFO  rcrs.nosolver.ScalaAgent$Agent - CentralAgent: Think called at time 9 - START
2017-04-21 11:15:35.029 [Thread-24] INFO  rcrs.nosolver.ScalaAgent$Agent - Center buildingsOnFire: 1
2017-04-21 11:15:36.139 [Thread-24] INFO  rcrs.nosolver.ScalaAgent$Agent - CentralAgent: Think called at time 9 - END, think took 1111
2017-04-21 11:15:40.166 [Thread-24] INFO  rcrs.nosolver.ScalaAgent$Agent - CentralAgent: Think called at time 10 - START
2017-04-21 11:15:40.167 [Thread-24] INFO  rcrs.nosolver.ScalaAgent$Agent - Center buildingsOnFire: 1
2017-04-21 11:15:41.047 [Thread-24] INFO  rcrs.nosolver.ScalaAgent$Agent - CentralAgent: Think called at time 10 - END, think took 881
2017-04-21 11:15:45.380 [Thread-24] INFO  rcrs.nosolver.ScalaAgent$Agent - CentralAgent: Think called at time 11 - START
2017-04-21 11:15:45.382 [Thread-24] INFO  rcrs.nosolver.ScalaAgent$Agent - Center buildingsOnFire: 1
2017-04-21 11:15:46.378 [Thread-24] INFO  rcrs.nosolver.ScalaAgent$Agent - CentralAgent: Think called at time 11 - END, think took 998
2017-04-21 11:15:50.558 [Thread-24] INFO  rcrs.nosolver.ScalaAgent$Agent - CentralAgent: Think called at time 12 - START
2017-04-21 11:15:50.559 [Thread-24] INFO  rcrs.nosolver.ScalaAgent$Agent - Center buildingsOnFire: 1
2017-04-21 11:15:51.440 [Thread-24] INFO  rcrs.nosolver.ScalaAgent$Agent - CentralAgent: Think called at time 12 - END, think took 882
