2017-04-21 09:20:33.495 [main] INFO   - Connecting fire brigades ... 
2017-04-21 09:20:34.200 [Thread-1] INFO  rcrs.ScalaAgent$Agent - rcrs.ScalaAgent$Agent@44fb5b11 connected
2017-04-21 09:20:34.213 [Thread-1] WARN  com.infomatiq.jsi.rtree.RTree - Invalid MaxNodeEntries = 0 Resetting to default value of 10
2017-04-21 09:20:34.213 [Thread-1] WARN  com.infomatiq.jsi.rtree.RTree - MinNodeEntries must be between 1 and MaxNodeEntries / 2
2017-04-21 09:20:34.214 [Thread-1] INFO  com.infomatiq.jsi.rtree.RTree - init()  MaxNodeEntries = 10, MinNodeEntries = 5
2017-04-21 09:21:23.636 [Thread-1] INFO  rcrs.ScalaAgent$Agent - Fire brigade agent connected: max extinguish distance = 50000, max power = 3000, max tank = 15000
2017-04-21 09:21:23.803 [Thread-5] INFO  rcrs.ScalaAgent$Agent - rcrs.ScalaAgent$Agent@3df3a99a connected
2017-04-21 09:21:23.803 [Thread-5] WARN  com.infomatiq.jsi.rtree.RTree - Invalid MaxNodeEntries = 0 Resetting to default value of 10
2017-04-21 09:21:23.803 [Thread-5] WARN  com.infomatiq.jsi.rtree.RTree - MinNodeEntries must be between 1 and MaxNodeEntries / 2
2017-04-21 09:21:23.804 [Thread-5] INFO  com.infomatiq.jsi.rtree.RTree - init()  MaxNodeEntries = 10, MinNodeEntries = 5
2017-04-21 09:21:24.610 [Thread-5] INFO  rcrs.ScalaAgent$Agent - Fire brigade agent connected: max extinguish distance = 50000, max power = 3000, max tank = 15000
2017-04-21 09:21:24.643 [Thread-9] INFO  rcrs.ScalaAgent$Agent - rcrs.ScalaAgent$Agent@350b54ee connected
2017-04-21 09:21:24.643 [Thread-9] WARN  com.infomatiq.jsi.rtree.RTree - Invalid MaxNodeEntries = 0 Resetting to default value of 10
2017-04-21 09:21:24.643 [Thread-9] WARN  com.infomatiq.jsi.rtree.RTree - MinNodeEntries must be between 1 and MaxNodeEntries / 2
2017-04-21 09:21:24.644 [Thread-9] INFO  com.infomatiq.jsi.rtree.RTree - init()  MaxNodeEntries = 10, MinNodeEntries = 5
2017-04-21 09:21:25.490 [Thread-9] INFO  rcrs.ScalaAgent$Agent - Fire brigade agent connected: max extinguish distance = 50000, max power = 3000, max tank = 15000
2017-04-21 09:21:25.530 [Thread-13] INFO  rcrs.ScalaAgent$Agent - rcrs.ScalaAgent$Agent@2505801c connected
2017-04-21 09:21:25.531 [Thread-13] WARN  com.infomatiq.jsi.rtree.RTree - Invalid MaxNodeEntries = 0 Resetting to default value of 10
2017-04-21 09:21:25.531 [Thread-13] WARN  com.infomatiq.jsi.rtree.RTree - MinNodeEntries must be between 1 and MaxNodeEntries / 2
2017-04-21 09:21:25.531 [Thread-13] INFO  com.infomatiq.jsi.rtree.RTree - init()  MaxNodeEntries = 10, MinNodeEntries = 5
2017-04-21 09:21:26.546 [Thread-13] INFO  rcrs.ScalaAgent$Agent - Fire brigade agent connected: max extinguish distance = 50000, max power = 3000, max tank = 15000
2017-04-21 09:21:26.598 [Thread-17] INFO  rcrs.ScalaAgent$Agent - rcrs.ScalaAgent$Agent@4738c4f0 connected
2017-04-21 09:21:26.599 [Thread-17] WARN  com.infomatiq.jsi.rtree.RTree - Invalid MaxNodeEntries = 0 Resetting to default value of 10
2017-04-21 09:21:26.599 [Thread-17] WARN  com.infomatiq.jsi.rtree.RTree - MinNodeEntries must be between 1 and MaxNodeEntries / 2
2017-04-21 09:21:26.599 [Thread-17] INFO  com.infomatiq.jsi.rtree.RTree - init()  MaxNodeEntries = 10, MinNodeEntries = 5
2017-04-21 09:21:27.091 [Thread-17] INFO  rcrs.ScalaAgent$Agent - Fire brigade agent connected: max extinguish distance = 50000, max power = 3000, max tank = 15000
2017-04-21 09:21:27.092 [main] INFO   - Connecting central ... 
2017-04-21 09:21:27.131 [Thread-21] INFO  rcrs.ScalaAgent$Agent - rcrs.ScalaAgent$Agent@4ee39138 connected
2017-04-21 09:21:27.131 [Thread-21] WARN  com.infomatiq.jsi.rtree.RTree - Invalid MaxNodeEntries = 0 Resetting to default value of 10
2017-04-21 09:21:27.131 [Thread-21] WARN  com.infomatiq.jsi.rtree.RTree - MinNodeEntries must be between 1 and MaxNodeEntries / 2
2017-04-21 09:21:27.132 [Thread-21] INFO  com.infomatiq.jsi.rtree.RTree - init()  MaxNodeEntries = 10, MinNodeEntries = 5
2017-04-21 09:21:27.137 [Thread-21] INFO  rcrs.ScalaAgent$Agent - Central agent connected
2017-04-21 09:21:27.584 [main] INFO   - success
2017-04-21 09:21:27.699 [Thread-24] INFO  rcrs.ScalaAgent$Agent - CentralAgent: Think called at time 1 - START
2017-04-21 09:21:58.451 [Thread-24] INFO  rcrs.ScalaAgent$Agent - CentralAgent: Think called at time 2 - START
2017-04-21 09:22:28.647 [Thread-24] INFO  rcrs.ScalaAgent$Agent - CentralAgent: Think called at time 3 - START
2017-04-21 09:22:28.652 [Thread-24] INFO  rcrs.ScalaAgent$Agent - Subscribing to channels
2017-04-21 09:22:29.052 [Thread-24] INFO  rcrs.ScalaAgent$Agent - Center buildingsOnFire: 6
2017-04-21 09:22:53.397 [Thread-24] INFO  rcrs.ScalaAgent$Agent - CentralAgent: Think called at time 3 - END, think took 24745
2017-04-21 09:22:58.925 [Thread-24] INFO  rcrs.ScalaAgent$Agent - CentralAgent: Think called at time 4 - START
2017-04-21 09:22:58.928 [Thread-24] INFO  rcrs.ScalaAgent$Agent - Center buildingsOnFire: 6
2017-04-21 09:23:21.242 [Thread-24] INFO  rcrs.ScalaAgent$Agent - CentralAgent: Think called at time 4 - END, think took 22316
2017-04-21 09:23:29.251 [Thread-24] INFO  rcrs.ScalaAgent$Agent - CentralAgent: Think called at time 5 - START
2017-04-21 09:23:29.254 [Thread-24] INFO  rcrs.ScalaAgent$Agent - Center buildingsOnFire: 6
2017-04-21 09:23:52.720 [Thread-24] INFO  rcrs.ScalaAgent$Agent - CentralAgent: Think called at time 5 - END, think took 23468
2017-04-21 09:23:59.448 [Thread-24] INFO  rcrs.ScalaAgent$Agent - CentralAgent: Think called at time 6 - START
2017-04-21 09:23:59.450 [Thread-24] INFO  rcrs.ScalaAgent$Agent - Center buildingsOnFire: 6
2017-04-21 09:24:22.058 [Thread-24] INFO  rcrs.ScalaAgent$Agent - CentralAgent: Think called at time 6 - END, think took 22610
2017-04-21 09:24:29.642 [Thread-24] INFO  rcrs.ScalaAgent$Agent - CentralAgent: Think called at time 7 - START
2017-04-21 09:24:29.644 [Thread-24] INFO  rcrs.ScalaAgent$Agent - Center buildingsOnFire: 6
2017-04-21 09:24:52.386 [Thread-24] INFO  rcrs.ScalaAgent$Agent - CentralAgent: Think called at time 7 - END, think took 22744
2017-04-21 09:24:59.808 [Thread-24] INFO  rcrs.ScalaAgent$Agent - CentralAgent: Think called at time 8 - START
2017-04-21 09:24:59.809 [Thread-24] INFO  rcrs.ScalaAgent$Agent - Center buildingsOnFire: 6
2017-04-21 09:25:19.009 [Thread-24] INFO  rcrs.ScalaAgent$Agent - CentralAgent: Think called at time 8 - END, think took 19201
2017-04-21 09:25:29.971 [Thread-24] INFO  rcrs.ScalaAgent$Agent - CentralAgent: Think called at time 9 - START
2017-04-21 09:25:29.973 [Thread-24] INFO  rcrs.ScalaAgent$Agent - Center buildingsOnFire: 6
2017-04-21 09:25:52.187 [Thread-24] INFO  rcrs.ScalaAgent$Agent - CentralAgent: Think called at time 9 - END, think took 22215
2017-04-21 09:26:00.167 [Thread-24] INFO  rcrs.ScalaAgent$Agent - CentralAgent: Think called at time 10 - START
2017-04-21 09:26:00.168 [Thread-24] INFO  rcrs.ScalaAgent$Agent - Center buildingsOnFire: 6
2017-04-21 09:26:22.725 [Thread-24] INFO  rcrs.ScalaAgent$Agent - CentralAgent: Think called at time 10 - END, think took 22558
2017-04-21 09:26:30.346 [Thread-24] INFO  rcrs.ScalaAgent$Agent - CentralAgent: Think called at time 11 - START
2017-04-21 09:26:30.348 [Thread-24] INFO  rcrs.ScalaAgent$Agent - Center buildingsOnFire: 6
2017-04-21 09:26:53.489 [Thread-24] INFO  rcrs.ScalaAgent$Agent - CentralAgent: Think called at time 11 - END, think took 23143
2017-04-21 09:27:00.564 [Thread-24] INFO  rcrs.ScalaAgent$Agent - CentralAgent: Think called at time 12 - START
2017-04-21 09:27:00.580 [Thread-24] INFO  rcrs.ScalaAgent$Agent - Center buildingsOnFire: 6
2017-04-21 09:27:23.417 [Thread-24] INFO  rcrs.ScalaAgent$Agent - CentralAgent: Think called at time 12 - END, think took 22853
2017-04-21 09:27:30.773 [Thread-24] INFO  rcrs.ScalaAgent$Agent - CentralAgent: Think called at time 13 - START
2017-04-21 09:27:30.775 [Thread-24] INFO  rcrs.ScalaAgent$Agent - Center buildingsOnFire: 6
2017-04-21 09:27:53.919 [Thread-24] INFO  rcrs.ScalaAgent$Agent - CentralAgent: Think called at time 13 - END, think took 23145
2017-04-21 09:28:00.965 [Thread-24] INFO  rcrs.ScalaAgent$Agent - CentralAgent: Think called at time 14 - START
2017-04-21 09:28:00.967 [Thread-24] INFO  rcrs.ScalaAgent$Agent - Center buildingsOnFire: 6
