2017-04-20 15:28:50.617 [main] INFO   - Connecting fire brigades ... 
2017-04-20 15:28:51.375 [Thread-1] INFO  rcrs.ScalaAgent$Agent - rcrs.ScalaAgent$Agent@7442a780 connected
2017-04-20 15:28:51.391 [Thread-1] WARN  com.infomatiq.jsi.rtree.RTree - Invalid MaxNodeEntries = 0 Resetting to default value of 10
2017-04-20 15:28:51.392 [Thread-1] WARN  com.infomatiq.jsi.rtree.RTree - MinNodeEntries must be between 1 and MaxNodeEntries / 2
2017-04-20 15:28:51.393 [Thread-1] INFO  com.infomatiq.jsi.rtree.RTree - init()  MaxNodeEntries = 10, MinNodeEntries = 5
2017-04-20 15:29:40.640 [Thread-1] INFO  rcrs.ScalaAgent$Agent - Fire brigade agent connected: max extinguish distance = 50000, max power = 3000, max tank = 15000
2017-04-20 15:29:40.754 [Thread-5] INFO  rcrs.ScalaAgent$Agent - rcrs.ScalaAgent$Agent@176b471a connected
2017-04-20 15:29:40.755 [Thread-5] WARN  com.infomatiq.jsi.rtree.RTree - Invalid MaxNodeEntries = 0 Resetting to default value of 10
2017-04-20 15:29:40.755 [Thread-5] WARN  com.infomatiq.jsi.rtree.RTree - MinNodeEntries must be between 1 and MaxNodeEntries / 2
2017-04-20 15:29:40.755 [Thread-5] INFO  com.infomatiq.jsi.rtree.RTree - init()  MaxNodeEntries = 10, MinNodeEntries = 5
2017-04-20 15:29:41.392 [Thread-5] INFO  rcrs.ScalaAgent$Agent - Fire brigade agent connected: max extinguish distance = 50000, max power = 3000, max tank = 15000
2017-04-20 15:29:41.435 [Thread-9] INFO  rcrs.ScalaAgent$Agent - rcrs.ScalaAgent$Agent@18010023 connected
2017-04-20 15:29:41.436 [Thread-9] WARN  com.infomatiq.jsi.rtree.RTree - Invalid MaxNodeEntries = 0 Resetting to default value of 10
2017-04-20 15:29:41.436 [Thread-9] WARN  com.infomatiq.jsi.rtree.RTree - MinNodeEntries must be between 1 and MaxNodeEntries / 2
2017-04-20 15:29:41.436 [Thread-9] INFO  com.infomatiq.jsi.rtree.RTree - init()  MaxNodeEntries = 10, MinNodeEntries = 5
2017-04-20 15:29:42.028 [Thread-9] INFO  rcrs.ScalaAgent$Agent - Fire brigade agent connected: max extinguish distance = 50000, max power = 3000, max tank = 15000
2017-04-20 15:29:42.090 [Thread-13] INFO  rcrs.ScalaAgent$Agent - rcrs.ScalaAgent$Agent@5689c352 connected
2017-04-20 15:29:42.091 [Thread-13] WARN  com.infomatiq.jsi.rtree.RTree - Invalid MaxNodeEntries = 0 Resetting to default value of 10
2017-04-20 15:29:42.091 [Thread-13] WARN  com.infomatiq.jsi.rtree.RTree - MinNodeEntries must be between 1 and MaxNodeEntries / 2
2017-04-20 15:29:42.091 [Thread-13] INFO  com.infomatiq.jsi.rtree.RTree - init()  MaxNodeEntries = 10, MinNodeEntries = 5
2017-04-20 15:29:42.716 [Thread-13] INFO  rcrs.ScalaAgent$Agent - Fire brigade agent connected: max extinguish distance = 50000, max power = 3000, max tank = 15000
2017-04-20 15:29:42.785 [Thread-17] INFO  rcrs.ScalaAgent$Agent - rcrs.ScalaAgent$Agent@cab0333 connected
2017-04-20 15:29:42.789 [Thread-17] WARN  com.infomatiq.jsi.rtree.RTree - Invalid MaxNodeEntries = 0 Resetting to default value of 10
2017-04-20 15:29:42.789 [Thread-17] WARN  com.infomatiq.jsi.rtree.RTree - MinNodeEntries must be between 1 and MaxNodeEntries / 2
2017-04-20 15:29:42.790 [Thread-17] INFO  com.infomatiq.jsi.rtree.RTree - init()  MaxNodeEntries = 10, MinNodeEntries = 5
2017-04-20 15:29:43.079 [Thread-17] INFO  rcrs.ScalaAgent$Agent - Fire brigade agent connected: max extinguish distance = 50000, max power = 3000, max tank = 15000
2017-04-20 15:29:43.080 [main] INFO   - Connecting central ... 
2017-04-20 15:29:43.137 [Thread-21] INFO  rcrs.ScalaAgent$Agent - rcrs.ScalaAgent$Agent@3c1b0124 connected
2017-04-20 15:29:43.137 [Thread-21] WARN  com.infomatiq.jsi.rtree.RTree - Invalid MaxNodeEntries = 0 Resetting to default value of 10
2017-04-20 15:29:43.138 [Thread-21] WARN  com.infomatiq.jsi.rtree.RTree - MinNodeEntries must be between 1 and MaxNodeEntries / 2
2017-04-20 15:29:43.138 [Thread-21] INFO  com.infomatiq.jsi.rtree.RTree - init()  MaxNodeEntries = 10, MinNodeEntries = 5
2017-04-20 15:29:43.148 [Thread-21] INFO  rcrs.ScalaAgent$Agent - Central agent connected
2017-04-20 15:29:43.413 [main] INFO   - success
2017-04-20 15:29:43.490 [Thread-24] INFO  rcrs.ScalaAgent$Agent - CentralAgent: Think called at time 1 - START
2017-04-20 15:29:54.209 [Thread-24] INFO  rcrs.ScalaAgent$Agent - CentralAgent: Think called at time 2 - START
2017-04-20 15:30:04.446 [Thread-24] INFO  rcrs.ScalaAgent$Agent - CentralAgent: Think called at time 3 - START
2017-04-20 15:30:04.446 [Thread-24] INFO  rcrs.ScalaAgent$Agent - Subscribing to channels
2017-04-20 15:30:04.862 [Thread-24] INFO  rcrs.ScalaAgent$Agent - Center buildingsOnFire: 0
2017-04-20 15:30:04.936 [Thread-24] INFO  rcrs.ScalaAgent$Agent - CentralAgent: Think called at time 3 - END, think took 55
2017-04-20 15:30:15.012 [Thread-24] INFO  rcrs.ScalaAgent$Agent - CentralAgent: Think called at time 4 - START
2017-04-20 15:30:15.121 [Thread-24] INFO  rcrs.ScalaAgent$Agent - Center buildingsOnFire: 5
2017-04-20 15:30:37.994 [Thread-24] INFO  rcrs.ScalaAgent$Agent - CentralAgent: Think called at time 4 - END, think took 0
2017-04-20 15:30:37.994 [Thread-24] INFO  rcrs.ScalaAgent$Agent - CentralAgent: Think called at time 5 - START
2017-04-20 15:30:38.007 [Thread-24] INFO  rcrs.ScalaAgent$Agent - Center buildingsOnFire: 5
2017-04-20 15:30:59.490 [Thread-24] INFO  rcrs.ScalaAgent$Agent - CentralAgent: Think called at time 5 - END, think took 0
2017-04-20 15:30:59.491 [Thread-24] INFO  rcrs.ScalaAgent$Agent - CentralAgent: Think called at time 6 - START
2017-04-20 15:30:59.502 [Thread-24] INFO  rcrs.ScalaAgent$Agent - Center buildingsOnFire: 5
2017-04-20 15:31:20.764 [Thread-24] INFO  rcrs.ScalaAgent$Agent - CentralAgent: Think called at time 6 - END, think took 0
2017-04-20 15:31:20.764 [Thread-24] INFO  rcrs.ScalaAgent$Agent - CentralAgent: Think called at time 7 - START
2017-04-20 15:31:20.772 [Thread-24] INFO  rcrs.ScalaAgent$Agent - Center buildingsOnFire: 5
2017-04-20 15:31:42.362 [Thread-24] INFO  rcrs.ScalaAgent$Agent - CentralAgent: Think called at time 7 - END, think took 0
2017-04-20 15:31:42.363 [Thread-24] INFO  rcrs.ScalaAgent$Agent - CentralAgent: Think called at time 8 - START
2017-04-20 15:31:42.368 [Thread-24] INFO  rcrs.ScalaAgent$Agent - Center buildingsOnFire: 5
2017-04-20 15:32:04.062 [Thread-24] INFO  rcrs.ScalaAgent$Agent - CentralAgent: Think called at time 8 - END, think took 1
2017-04-20 15:32:04.063 [Thread-24] INFO  rcrs.ScalaAgent$Agent - CentralAgent: Think called at time 9 - START
2017-04-20 15:32:04.070 [Thread-24] INFO  rcrs.ScalaAgent$Agent - Center buildingsOnFire: 5
2017-04-20 15:32:25.651 [Thread-24] INFO  rcrs.ScalaAgent$Agent - CentralAgent: Think called at time 9 - END, think took 0
2017-04-20 15:32:25.651 [Thread-24] INFO  rcrs.ScalaAgent$Agent - CentralAgent: Think called at time 10 - START
2017-04-20 15:32:25.655 [Thread-24] INFO  rcrs.ScalaAgent$Agent - Center buildingsOnFire: 6
2017-04-20 15:33:26.861 [Thread-24] INFO  rcrs.ScalaAgent$Agent - CentralAgent: Think called at time 10 - END, think took 0
2017-04-20 15:33:26.861 [Thread-24] INFO  rcrs.ScalaAgent$Agent - CentralAgent: Think called at time 11 - START
2017-04-20 15:33:26.866 [Thread-24] INFO  rcrs.ScalaAgent$Agent - Center buildingsOnFire: 7
2017-04-20 15:38:25.597 [Thread-24] INFO  rcrs.ScalaAgent$Agent - CentralAgent: Think called at time 11 - END, think took 0
2017-04-20 15:38:25.598 [Thread-24] INFO  rcrs.ScalaAgent$Agent - CentralAgent: Think called at time 12 - START
2017-04-20 15:38:25.603 [Thread-24] INFO  rcrs.ScalaAgent$Agent - Center buildingsOnFire: 7
