2017-04-20 16:08:13.477 [main] INFO   - Connecting fire brigades ... 
2017-04-20 16:08:14.080 [Thread-1] INFO  rcrs.ScalaAgent$Agent - rcrs.ScalaAgent$Agent@209524ca connected
2017-04-20 16:08:14.093 [Thread-1] WARN  com.infomatiq.jsi.rtree.RTree - Invalid MaxNodeEntries = 0 Resetting to default value of 10
2017-04-20 16:08:14.093 [Thread-1] WARN  com.infomatiq.jsi.rtree.RTree - MinNodeEntries must be between 1 and MaxNodeEntries / 2
2017-04-20 16:08:14.094 [Thread-1] INFO  com.infomatiq.jsi.rtree.RTree - init()  MaxNodeEntries = 10, MinNodeEntries = 5
2017-04-20 16:09:02.276 [Thread-1] INFO  rcrs.ScalaAgent$Agent - Fire brigade agent connected: max extinguish distance = 50000, max power = 3000, max tank = 15000
2017-04-20 16:09:02.365 [Thread-5] INFO  rcrs.ScalaAgent$Agent - rcrs.ScalaAgent$Agent@7460ebcd connected
2017-04-20 16:09:02.366 [Thread-5] WARN  com.infomatiq.jsi.rtree.RTree - Invalid MaxNodeEntries = 0 Resetting to default value of 10
2017-04-20 16:09:02.366 [Thread-5] WARN  com.infomatiq.jsi.rtree.RTree - MinNodeEntries must be between 1 and MaxNodeEntries / 2
2017-04-20 16:09:02.366 [Thread-5] INFO  com.infomatiq.jsi.rtree.RTree - init()  MaxNodeEntries = 10, MinNodeEntries = 5
2017-04-20 16:09:02.969 [Thread-5] INFO  rcrs.ScalaAgent$Agent - Fire brigade agent connected: max extinguish distance = 50000, max power = 3000, max tank = 15000
2017-04-20 16:09:03.023 [Thread-9] INFO  rcrs.ScalaAgent$Agent - rcrs.ScalaAgent$Agent@66723f06 connected
2017-04-20 16:09:03.024 [Thread-9] WARN  com.infomatiq.jsi.rtree.RTree - Invalid MaxNodeEntries = 0 Resetting to default value of 10
2017-04-20 16:09:03.024 [Thread-9] WARN  com.infomatiq.jsi.rtree.RTree - MinNodeEntries must be between 1 and MaxNodeEntries / 2
2017-04-20 16:09:03.024 [Thread-9] INFO  com.infomatiq.jsi.rtree.RTree - init()  MaxNodeEntries = 10, MinNodeEntries = 5
2017-04-20 16:09:03.710 [Thread-9] INFO  rcrs.ScalaAgent$Agent - Fire brigade agent connected: max extinguish distance = 50000, max power = 3000, max tank = 15000
2017-04-20 16:09:03.745 [Thread-13] INFO  rcrs.ScalaAgent$Agent - rcrs.ScalaAgent$Agent@758a5cd6 connected
2017-04-20 16:09:03.746 [Thread-13] WARN  com.infomatiq.jsi.rtree.RTree - Invalid MaxNodeEntries = 0 Resetting to default value of 10
2017-04-20 16:09:03.746 [Thread-13] WARN  com.infomatiq.jsi.rtree.RTree - MinNodeEntries must be between 1 and MaxNodeEntries / 2
2017-04-20 16:09:03.746 [Thread-13] INFO  com.infomatiq.jsi.rtree.RTree - init()  MaxNodeEntries = 10, MinNodeEntries = 5
2017-04-20 16:09:04.399 [Thread-13] INFO  rcrs.ScalaAgent$Agent - Fire brigade agent connected: max extinguish distance = 50000, max power = 3000, max tank = 15000
2017-04-20 16:09:04.464 [Thread-17] INFO  rcrs.ScalaAgent$Agent - rcrs.ScalaAgent$Agent@821263a connected
2017-04-20 16:09:04.465 [Thread-17] WARN  com.infomatiq.jsi.rtree.RTree - Invalid MaxNodeEntries = 0 Resetting to default value of 10
2017-04-20 16:09:04.465 [Thread-17] WARN  com.infomatiq.jsi.rtree.RTree - MinNodeEntries must be between 1 and MaxNodeEntries / 2
2017-04-20 16:09:04.466 [Thread-17] INFO  com.infomatiq.jsi.rtree.RTree - init()  MaxNodeEntries = 10, MinNodeEntries = 5
2017-04-20 16:09:04.804 [Thread-17] INFO  rcrs.ScalaAgent$Agent - Fire brigade agent connected: max extinguish distance = 50000, max power = 3000, max tank = 15000
2017-04-20 16:09:04.806 [main] INFO   - Connecting central ... 
2017-04-20 16:09:04.852 [Thread-21] INFO  rcrs.ScalaAgent$Agent - rcrs.ScalaAgent$Agent@1943cafc connected
2017-04-20 16:09:04.852 [Thread-21] WARN  com.infomatiq.jsi.rtree.RTree - Invalid MaxNodeEntries = 0 Resetting to default value of 10
2017-04-20 16:09:04.852 [Thread-21] WARN  com.infomatiq.jsi.rtree.RTree - MinNodeEntries must be between 1 and MaxNodeEntries / 2
2017-04-20 16:09:04.853 [Thread-21] INFO  com.infomatiq.jsi.rtree.RTree - init()  MaxNodeEntries = 10, MinNodeEntries = 5
2017-04-20 16:09:04.862 [Thread-21] INFO  rcrs.ScalaAgent$Agent - Central agent connected
2017-04-20 16:09:05.147 [main] INFO   - success
2017-04-20 16:09:05.212 [Thread-24] INFO  rcrs.ScalaAgent$Agent - CentralAgent: Think called at time 1 - START
2017-04-20 16:09:16.003 [Thread-24] INFO  rcrs.ScalaAgent$Agent - CentralAgent: Think called at time 2 - START
2017-04-20 16:09:26.232 [Thread-24] INFO  rcrs.ScalaAgent$Agent - CentralAgent: Think called at time 3 - START
2017-04-20 16:09:26.233 [Thread-24] INFO  rcrs.ScalaAgent$Agent - Subscribing to channels
2017-04-20 16:09:26.752 [Thread-24] INFO  rcrs.ScalaAgent$Agent - Center buildingsOnFire: 0
2017-04-20 16:09:26.823 [Thread-24] INFO  rcrs.ScalaAgent$Agent - CentralAgent: Think called at time 3 - END, think took 45
2017-04-20 16:09:36.572 [Thread-24] INFO  rcrs.ScalaAgent$Agent - CentralAgent: Think called at time 4 - START
2017-04-20 16:09:36.710 [Thread-24] INFO  rcrs.ScalaAgent$Agent - Center buildingsOnFire: 5
2017-04-20 16:09:58.973 [Thread-24] INFO  rcrs.ScalaAgent$Agent - CentralAgent: Think called at time 4 - END, think took 0
2017-04-20 16:09:58.973 [Thread-24] INFO  rcrs.ScalaAgent$Agent - CentralAgent: Think called at time 5 - START
2017-04-20 16:09:58.981 [Thread-24] INFO  rcrs.ScalaAgent$Agent - Center buildingsOnFire: 5
2017-04-20 16:10:19.561 [Thread-24] INFO  rcrs.ScalaAgent$Agent - CentralAgent: Think called at time 5 - END, think took 1
2017-04-20 16:10:19.562 [Thread-24] INFO  rcrs.ScalaAgent$Agent - CentralAgent: Think called at time 6 - START
2017-04-20 16:10:19.573 [Thread-24] INFO  rcrs.ScalaAgent$Agent - Center buildingsOnFire: 5
2017-04-20 16:10:39.766 [Thread-24] INFO  rcrs.ScalaAgent$Agent - CentralAgent: Think called at time 6 - END, think took 0
2017-04-20 16:10:39.766 [Thread-24] INFO  rcrs.ScalaAgent$Agent - CentralAgent: Think called at time 7 - START
2017-04-20 16:10:39.772 [Thread-24] INFO  rcrs.ScalaAgent$Agent - Center buildingsOnFire: 5
2017-04-20 16:10:59.851 [Thread-24] INFO  rcrs.ScalaAgent$Agent - CentralAgent: Think called at time 7 - END, think took 0
2017-04-20 16:10:59.851 [Thread-24] INFO  rcrs.ScalaAgent$Agent - CentralAgent: Think called at time 8 - START
2017-04-20 16:10:59.856 [Thread-24] INFO  rcrs.ScalaAgent$Agent - Center buildingsOnFire: 5
2017-04-20 16:11:19.940 [Thread-24] INFO  rcrs.ScalaAgent$Agent - CentralAgent: Think called at time 8 - END, think took 0
2017-04-20 16:11:19.940 [Thread-24] INFO  rcrs.ScalaAgent$Agent - CentralAgent: Think called at time 9 - START
2017-04-20 16:11:19.948 [Thread-24] INFO  rcrs.ScalaAgent$Agent - Center buildingsOnFire: 5
2017-04-20 16:11:40.622 [Thread-24] INFO  rcrs.ScalaAgent$Agent - CentralAgent: Think called at time 9 - END, think took 0
2017-04-20 16:11:40.622 [Thread-24] INFO  rcrs.ScalaAgent$Agent - CentralAgent: Think called at time 10 - START
2017-04-20 16:11:40.626 [Thread-24] INFO  rcrs.ScalaAgent$Agent - Center buildingsOnFire: 6
2017-04-20 16:12:44.888 [Thread-24] INFO  rcrs.ScalaAgent$Agent - CentralAgent: Think called at time 10 - END, think took 0
2017-04-20 16:12:44.889 [Thread-24] INFO  rcrs.ScalaAgent$Agent - CentralAgent: Think called at time 11 - START
2017-04-20 16:12:44.896 [Thread-24] INFO  rcrs.ScalaAgent$Agent - Center buildingsOnFire: 7
2017-04-20 16:18:40.276 [Thread-24] INFO  rcrs.ScalaAgent$Agent - CentralAgent: Think called at time 11 - END, think took 0
2017-04-20 16:18:40.277 [Thread-24] INFO  rcrs.ScalaAgent$Agent - CentralAgent: Think called at time 12 - START
2017-04-20 16:18:40.281 [Thread-24] INFO  rcrs.ScalaAgent$Agent - Center buildingsOnFire: 7
